<?xml version="1.0" encoding="UTF-8"?>
<!-- Generated by org.testng.reporters.JUnitReportReporter -->
<testsuite hostname="LAPTOP-OBP931AB" failures="0" tests="1" name="testpkg.Checkouttest" time="8.225" errors="0" timestamp="2025-02-28T00:04:13 IST" skipped="0">
  <testcase classname="testpkg.Checkouttest" name="test" time="8.225"/>
  <system-out/>
</testsuite> <!-- testpkg.Checkouttest -->
